# JRE version: Java(TM) SE Runtime Environment (17.0.7+8) (build 17.0.7+8-LTS-224)
# Java VM: Java HotSpot(TM) 64-Bit Server VM (17.0.7+8-LTS-224, mixed mode, sharing, tiered, compressed oops, compressed class ptrs, g1 gc, windows-amd64)
GC Precious Log:
 CPUs: 12 total, 12 available
 Memory: 16108M
 Large Page Support: Disabled
 NUMA Support: Disabled
 Compressed Oops: Enabled (32-bit)
 Heap Region Size: 1M
 Heap Min Capacity: 256M
 Heap Initial Capacity: 256M
 Heap Max Capacity: 512M
 Pre-touch: Disabled
 Parallel Workers: 10
 Concurrent Workers: 3
 Concurrent Refinement Workers: 10
 Periodic GC: Disabled
Heap:
 garbage-first heap   total 262144K, used 130627K [0x00000000e0000000, 0x0000000100000000)
  region size 1024K, 80 young (81920K), 8 survivors (8192K)
 Metaspace       used 44202K, committed 44608K, reserved 356352K
  class space    used 6095K, committed 6272K, reserved 315392K
GC Heap History (20 events):
Event: 9.526 GC heap before
{Heap before GC invocations=10 (full 0):
 garbage-first heap   total 262144K, used 206942K [0x00000000e0000000, 0x0000000100000000)
  region size 1024K, 153 young (156672K), 9 survivors (9216K)
 Metaspace       used 43589K, committed 43968K, reserved 356352K
  class space    used 6043K, committed 6208K, reserved 315392K
}
Event: 9.531 GC heap after
{Heap after GC invocations=11 (full 0):
 garbage-first heap   total 262144K, used 52253K [0x00000000e0000000, 0x0000000100000000)
  region size 1024K, 7 young (7168K), 7 survivors (7168K)
 Metaspace       used 43589K, committed 43968K, reserved 356352K
  class space    used 6043K, committed 6208K, reserved 315392K
}
Event: 10.144 GC heap before
{Heap before GC invocations=11 (full 0):
 garbage-first heap   total 262144K, used 201757K [0x00000000e0000000, 0x0000000100000000)
  region size 1024K, 153 young (156672K), 7 survivors (7168K)
 Metaspace       used 43609K, committed 44032K, reserved 356352K
  class space    used 6044K, committed 6208K, reserved 315392K
}
Event: 10.154 GC heap after
{Heap after GC invocations=12 (full 0):
 garbage-first heap   total 262144K, used 53003K [0x00000000e0000000, 0x0000000100000000)
  region size 1024K, 7 young (7168K), 7 survivors (7168K)
 Metaspace       used 43609K, committed 44032K, reserved 356352K
  class space    used 6044K, committed 6208K, reserved 315392K
}
Event: 11.043 GC heap before
{Heap before GC invocations=12 (full 0):
 garbage-first heap   total 262144K, used 202507K [0x00000000e0000000, 0x0000000100000000)
  region size 1024K, 153 young (156672K), 7 survivors (7168K)
 Metaspace       used 43652K, committed 44032K, reserved 356352K
  class space    used 6044K, committed 6208K, reserved 315392K
}
Event: 11.052 GC heap after
{Heap after GC invocations=13 (full 0):
 garbage-first heap   total 262144K, used 54276K [0x00000000e0000000, 0x0000000100000000)
  region size 1024K, 9 young (9216K), 9 survivors (9216K)
 Metaspace       used 43652K, committed 44032K, reserved 356352K
  class space    used 6044K, committed 6208K, reserved 315392K
}
Event: 12.532 GC heap before
{Heap before GC invocations=13 (full 0):
 garbage-first heap   total 262144K, used 201732K [0x00000000e0000000, 0x0000000100000000)
  region size 1024K, 153 young (156672K), 9 survivors (9216K)
 Metaspace       used 43721K, committed 44224K, reserved 356352K
  class space    used 6052K, committed 6272K, reserved 315392K
}
Event: 12.537 GC heap after
{Heap after GC invocations=14 (full 0):
 garbage-first heap   total 262144K, used 55194K [0x00000000e0000000, 0x0000000100000000)
  region size 1024K, 10 young (10240K), 10 survivors (10240K)
 Metaspace       used 43721K, committed 44224K, reserved 356352K
  class space    used 6052K, committed 6272K, reserved 315392K
}
Event: 13.533 GC heap before
{Heap before GC invocations=14 (full 0):
 garbage-first heap   total 262144K, used 200602K [0x00000000e0000000, 0x0000000100000000)
  region size 1024K, 153 young (156672K), 10 survivors (10240K)
 Metaspace       used 43729K, committed 44224K, reserved 356352K
  class space    used 6052K, committed 6272K, reserved 315392K
}
Event: 13.540 GC heap after
{Heap after GC invocations=15 (full 0):
 garbage-first heap   total 262144K, used 58441K [0x00000000e0000000, 0x0000000100000000)
  region size 1024K, 13 young (13312K), 13 survivors (13312K)
 Metaspace       used 43729K, committed 44224K, reserved 356352K
  class space    used 6052K, committed 6272K, reserved 315392K
}
Event: 13.769 GC heap before
{Heap before GC invocations=15 (full 0):
 garbage-first heap   total 262144K, used 201801K [0x00000000e0000000, 0x0000000100000000)
  region size 1024K, 153 young (156672K), 13 survivors (13312K)
 Metaspace       used 43731K, committed 44224K, reserved 356352K
  class space    used 6052K, committed 6272K, reserved 315392K
}
Event: 13.778 GC heap after
{Heap after GC invocations=16 (full 0):
 garbage-first heap   total 262144K, used 58266K [0x00000000e0000000, 0x0000000100000000)
  region size 1024K, 8 young (8192K), 8 survivors (8192K)
 Metaspace       used 43731K, committed 44224K, reserved 356352K
  class space    used 6052K, committed 6272K, reserved 315392K
}
Event: 14.258 GC heap before
{Heap before GC invocations=16 (full 0):
 garbage-first heap   total 262144K, used 206746K [0x00000000e0000000, 0x0000000100000000)
  region size 1024K, 153 young (156672K), 8 survivors (8192K)
 Metaspace       used 43733K, committed 44224K, reserved 356352K
  class space    used 6052K, committed 6272K, reserved 315392K
}
Event: 14.264 GC heap after
{Heap after GC invocations=17 (full 0):
 garbage-first heap   total 262144K, used 58979K [0x00000000e0000000, 0x0000000100000000)
  region size 1024K, 9 young (9216K), 9 survivors (9216K)
 Metaspace       used 43733K, committed 44224K, reserved 356352K
  class space    used 6052K, committed 6272K, reserved 315392K
}
Event: 15.953 GC heap before
{Heap before GC invocations=17 (full 0):
 garbage-first heap   total 262144K, used 206435K [0x00000000e0000000, 0x0000000100000000)
  region size 1024K, 153 young (156672K), 9 survivors (9216K)
 Metaspace       used 43987K, committed 44416K, reserved 356352K
  class space    used 6066K, committed 6272K, reserved 315392K
}
Event: 15.957 GC heap after
{Heap after GC invocations=18 (full 0):
 garbage-first heap   total 262144K, used 50368K [0x00000000e0000000, 0x0000000100000000)
  region size 1024K, 3 young (3072K), 3 survivors (3072K)
 Metaspace       used 43987K, committed 44416K, reserved 356352K
  class space    used 6066K, committed 6272K, reserved 315392K
}
Event: 16.525 GC heap before
{Heap before GC invocations=18 (full 0):
 garbage-first heap   total 262144K, used 206016K [0x00000000e0000000, 0x0000000100000000)
  region size 1024K, 153 young (156672K), 3 survivors (3072K)
 Metaspace       used 44199K, committed 44608K, reserved 356352K
  class space    used 6095K, committed 6272K, reserved 315392K
}
Event: 16.531 GC heap after
{Heap after GC invocations=19 (full 0):
 garbage-first heap   total 262144K, used 56361K [0x00000000e0000000, 0x0000000100000000)
  region size 1024K, 6 young (6144K), 6 survivors (6144K)
 Metaspace       used 44199K, committed 44608K, reserved 356352K
  class space    used 6095K, committed 6272K, reserved 315392K
}
Event: 16.909 GC heap before
{Heap before GC invocations=19 (full 0):
 garbage-first heap   total 262144K, used 205865K [0x00000000e0000000, 0x0000000100000000)
  region size 1024K, 153 young (156672K), 6 survivors (6144K)
 Metaspace       used 44202K, committed 44608K, reserved 356352K
  class space    used 6095K, committed 6272K, reserved 315392K
}
Event: 16.913 GC heap after
{Heap after GC invocations=20 (full 0):
 garbage-first heap   total 262144K, used 57923K [0x00000000e0000000, 0x0000000100000000)
  region size 1024K, 8 young (8192K), 8 survivors (8192K)
 Metaspace       used 44202K, committed 44608K, reserved 356352K
  class space    used 6095K, committed 6272K, reserved 315392K
}

